<?xml version="1.0" encoding="UTF-8" ?>
<testsuite tests="5" failures="0" name="integracao.AlunoTest" time="0.002" errors="0" skipped="0">
  <properties>
[...]
</properties>
  <testcase classname="integracao.AlunoTest" name="testAprovacao_AprovacaoNota" time="0.002"/>
  <testcase classname="integracao.AlunoTest" name="testCalcularAprovacao_ReprovacaoFinal" time="0"/>
  <testcase classname="integracao.AlunoTest" name="testAprovacao_AprovacaoFinal" time="0"/>
  <testcase classname="integracao.AlunoTest" name="testCalcularAprovacao_ReprovacaoFrequencia" time="0"/>
  <testcase classname="integracao.AlunoTest" name="testCalcularAprovacao_ReprovacaoNota" time="0"/>
</testsuite>